app/manifest-merger-release-report.txt
-- Merging decision tree log ---
manifest
ADDED from AndroidManifest.xml:2:1
	xmlns:android
		ADDED from AndroidManifest.xml:2:11
	package
		ADDED from AndroidManifest.xml:3:5
		INJECTED from AndroidManifest.xml:0:0
		INJECTED from AndroidManifest.xml:0:0
	android:versionName
		INJECTED from AndroidManifest.xml:0:0
		INJECTED from AndroidManifest.xml:0:0
	android:versionCode
		INJECTED from AndroidManifest.xml:0:0
		INJECTED from AndroidManifest.xml:0:0
uses-permission#android.permission.WAKE_LOCK
ADDED from AndroidManifest.xml:5:5
	android:name
		ADDED from AndroidManifest.xml:5:22
uses-permission#android.permission.INTERNET
ADDED from AndroidManifest.xml:6:5
MERGED from com.google.android.gms:play-services-ads:7.5.0:20:5
MERGED from com.google.android.gms:play-services-analytics:7.5.0:21:5
MERGED from com.google.android.gms:play-services-analytics:7.5.0:21:5
MERGED from com.google.android.gms:play-services-appinvite:7.5.0:19:5
MERGED from com.google.android.gms:play-services-maps:7.5.0:21:5
MERGED from com.google.android.gms:play-services-maps:7.5.0:21:5
MERGED from com.google.android.gms:play-services-maps:7.5.0:21:5
MERGED from com.google.android.gms:play-services-wallet:7.5.0:20:5
MERGED from com.google.android.gms:play-services-maps:7.5.0:21:5
	android:name
		ADDED from AndroidManifest.xml:6:22
uses-permission#android.permission.ACCESS_NETWORK_STATE
ADDED from AndroidManifest.xml:7:5
MERGED from com.google.android.gms:play-services-ads:7.5.0:21:5
MERGED from com.google.android.gms:play-services-analytics:7.5.0:22:5
MERGED from com.google.android.gms:play-services-analytics:7.5.0:22:5
MERGED from com.google.android.gms:play-services-maps:7.5.0:20:5
MERGED from com.google.android.gms:play-services-maps:7.5.0:20:5
MERGED from com.google.android.gms:play-services-maps:7.5.0:20:5
MERGED from com.google.android.gms:play-services-nearby:7.5.0:19:5
MERGED from com.google.android.gms:play-services-maps:7.5.0:20:5
	android:name
		ADDED from AndroidManifest.xml:7:22
uses-permission#android.permission.ACCESS_WIFI_STATE
ADDED from AndroidManifest.xml:8:5
	android:name
		ADDED from AndroidManifest.xml:8:22
uses-permission#android.permission.WRITE_EXTERNAL_STORAGE
ADDED from AndroidManifest.xml:9:5
MERGED from com.google.android.gms:play-services-maps:7.5.0:22:5
MERGED from com.google.android.gms:play-services-maps:7.5.0:22:5
MERGED from com.google.android.gms:play-services-maps:7.5.0:22:5
MERGED from com.google.android.gms:play-services-maps:7.5.0:22:5
	android:name
		ADDED from AndroidManifest.xml:9:22
uses-permission#com.google.android.providers.gsf.permission.READ_GSERVICES
ADDED from AndroidManifest.xml:10:5
	android:name
		ADDED from AndroidManifest.xml:10:22
uses-permission#android.permission.ACCESS_COARSE_LOCATION
ADDED from AndroidManifest.xml:11:5
MERGED from com.google.android.gms:play-services-maps:7.5.0:23:5
MERGED from com.google.android.gms:play-services-maps:7.5.0:23:5
MERGED from com.google.android.gms:play-services-maps:7.5.0:23:5
MERGED from com.google.android.gms:play-services-maps:7.5.0:23:5
	android:name
		ADDED from AndroidManifest.xml:11:22
uses-permission#android.permission.ACCESS_FINE_LOCATION
ADDED from AndroidManifest.xml:12:5
	android:name
		ADDED from AndroidManifest.xml:12:22
uses-permission#android.permission.SYSTEM_ALERT_WINDOW
ADDED from AndroidManifest.xml:13:5
	android:name
		ADDED from AndroidManifest.xml:13:22
application
ADDED from AndroidManifest.xml:15:5
MERGED from com.android.support:appcompat-v7:22.2.0:22:5
MERGED from com.android.support:support-v4:22.2.0:22:5
MERGED from com.google.android.gms:play-services:7.5.0:19:5
MERGED from com.google.android.gms:play-services-ads:7.5.0:24:5
MERGED from com.google.android.gms:play-services-base:7.5.0:20:5
MERGED from com.android.support:support-v4:22.2.0:22:5
MERGED from com.google.android.gms:play-services-analytics:7.5.0:24:5
MERGED from com.google.android.gms:play-services-base:7.5.0:20:5
MERGED from com.android.support:support-v4:22.2.0:22:5
MERGED from com.google.android.gms:play-services-analytics:7.5.0:24:5
MERGED from com.google.android.gms:play-services-base:7.5.0:20:5
MERGED from com.android.support:support-v4:22.2.0:22:5
MERGED from com.google.android.gms:play-services-appindexing:7.5.0:19:5
MERGED from com.google.android.gms:play-services-base:7.5.0:20:5
MERGED from com.android.support:support-v4:22.2.0:22:5
MERGED from com.google.android.gms:play-services-appinvite:7.5.0:20:5
MERGED from com.google.android.gms:play-services-base:7.5.0:20:5
MERGED from com.android.support:support-v4:22.2.0:22:5
MERGED from com.google.android.gms:play-services-appstate:7.5.0:19:5
MERGED from com.google.android.gms:play-services-base:7.5.0:20:5
MERGED from com.android.support:support-v4:22.2.0:22:5
MERGED from com.google.android.gms:play-services-base:7.5.0:20:5
MERGED from com.android.support:support-v4:22.2.0:22:5
MERGED from com.google.android.gms:play-services-cast:7.5.0:19:5
MERGED from com.google.android.gms:play-services-base:7.5.0:20:5
MERGED from com.android.support:support-v4:22.2.0:22:5
MERGED from com.android.support:mediarouter-v7:22.0.0:22:5
MERGED from com.android.support:appcompat-v7:22.2.0:22:5
MERGED from com.android.support:support-v4:22.2.0:22:5
MERGED from com.google.android.gms:play-services-drive:7.5.0:19:5
MERGED from com.google.android.gms:play-services-base:7.5.0:20:5
MERGED from com.android.support:support-v4:22.2.0:22:5
MERGED from com.google.android.gms:play-services-fitness:7.5.0:19:5
MERGED from com.google.android.gms:play-services-base:7.5.0:20:5
MERGED from com.android.support:support-v4:22.2.0:22:5
MERGED from com.google.android.gms:play-services-location:7.5.0:19:5
MERGED from com.google.android.gms:play-services-base:7.5.0:20:5
MERGED from com.android.support:support-v4:22.2.0:22:5
MERGED from com.google.android.gms:play-services-maps:7.5.0:29:5
MERGED from com.google.android.gms:play-services-base:7.5.0:20:5
MERGED from com.android.support:support-v4:22.2.0:22:5
MERGED from com.google.android.gms:play-services-games:7.5.0:19:5
MERGED from com.google.android.gms:play-services-base:7.5.0:20:5
MERGED from com.android.support:support-v4:22.2.0:22:5
MERGED from com.google.android.gms:play-services-drive:7.5.0:19:5
MERGED from com.google.android.gms:play-services-base:7.5.0:20:5
MERGED from com.android.support:support-v4:22.2.0:22:5
MERGED from com.google.android.gms:play-services-gcm:7.5.0:19:5
MERGED from com.google.android.gms:play-services-base:7.5.0:20:5
MERGED from com.android.support:support-v4:22.2.0:22:5
MERGED from com.google.android.gms:play-services-identity:7.5.0:19:5
MERGED from com.google.android.gms:play-services-base:7.5.0:20:5
MERGED from com.android.support:support-v4:22.2.0:22:5
MERGED from com.google.android.gms:play-services-location:7.5.0:19:5
MERGED from com.google.android.gms:play-services-base:7.5.0:20:5
MERGED from com.android.support:support-v4:22.2.0:22:5
MERGED from com.google.android.gms:play-services-maps:7.5.0:29:5
MERGED from com.google.android.gms:play-services-base:7.5.0:20:5
MERGED from com.android.support:support-v4:22.2.0:22:5
MERGED from com.google.android.gms:play-services-maps:7.5.0:29:5
MERGED from com.google.android.gms:play-services-base:7.5.0:20:5
MERGED from com.android.support:support-v4:22.2.0:22:5
MERGED from com.google.android.gms:play-services-nearby:7.5.0:20:5
MERGED from com.google.android.gms:play-services-base:7.5.0:20:5
MERGED from com.android.support:support-v4:22.2.0:22:5
MERGED from com.google.android.gms:play-services-panorama:7.5.0:19:5
MERGED from com.google.android.gms:play-services-base:7.5.0:20:5
MERGED from com.android.support:support-v4:22.2.0:22:5
MERGED from com.google.android.gms:play-services-plus:7.5.0:19:5
MERGED from com.google.android.gms:play-services-base:7.5.0:20:5
MERGED from com.android.support:support-v4:22.2.0:22:5
MERGED from com.google.android.gms:play-services-safetynet:7.5.0:19:5
MERGED from com.google.android.gms:play-services-base:7.5.0:20:5
MERGED from com.android.support:support-v4:22.2.0:22:5
MERGED from com.google.android.gms:play-services-wallet:7.5.0:24:5
MERGED from com.google.android.gms:play-services-base:7.5.0:20:5
MERGED from com.android.support:support-v4:22.2.0:22:5
MERGED from com.google.android.gms:play-services-identity:7.5.0:19:5
MERGED from com.google.android.gms:play-services-base:7.5.0:20:5
MERGED from com.android.support:support-v4:22.2.0:22:5
MERGED from com.google.android.gms:play-services-maps:7.5.0:29:5
MERGED from com.google.android.gms:play-services-base:7.5.0:20:5
MERGED from com.android.support:support-v4:22.2.0:22:5
MERGED from com.google.android.gms:play-services-wearable:7.5.0:19:5
MERGED from com.google.android.gms:play-services-base:7.5.0:20:5
MERGED from com.android.support:support-v4:22.2.0:22:5
MERGED from com.android.support:design:22.2.0:22:5
MERGED from com.android.support:appcompat-v7:22.2.0:22:5
MERGED from com.android.support:support-v4:22.2.0:22:5
MERGED from com.android.support:support-v4:22.2.0:22:5
MERGED from com.android.support:cardview-v7:22.2.0:22:5
MERGED from com.android.support:support-v4:22.2.0:22:5
	android:label
		ADDED from AndroidManifest.xml:19:9
	android:allowBackup
		ADDED from AndroidManifest.xml:17:9
	android:icon
		ADDED from AndroidManifest.xml:18:9
	android:theme
		ADDED from AndroidManifest.xml:20:9
	android:name
		ADDED from AndroidManifest.xml:16:9
meta-data#com.google.android.gms.version
ADDED from AndroidManifest.xml:21:9
MERGED from com.google.android.gms:play-services-base:7.5.0:21:9
MERGED from com.google.android.gms:play-services-base:7.5.0:21:9
MERGED from com.google.android.gms:play-services-base:7.5.0:21:9
MERGED from com.google.android.gms:play-services-base:7.5.0:21:9
MERGED from com.google.android.gms:play-services-base:7.5.0:21:9
MERGED from com.google.android.gms:play-services-base:7.5.0:21:9
MERGED from com.google.android.gms:play-services-base:7.5.0:21:9
MERGED from com.google.android.gms:play-services-base:7.5.0:21:9
MERGED from com.google.android.gms:play-services-base:7.5.0:21:9
MERGED from com.google.android.gms:play-services-base:7.5.0:21:9
MERGED from com.google.android.gms:play-services-base:7.5.0:21:9
MERGED from com.google.android.gms:play-services-base:7.5.0:21:9
MERGED from com.google.android.gms:play-services-base:7.5.0:21:9
MERGED from com.google.android.gms:play-services-base:7.5.0:21:9
MERGED from com.google.android.gms:play-services-base:7.5.0:21:9
MERGED from com.google.android.gms:play-services-base:7.5.0:21:9
MERGED from com.google.android.gms:play-services-base:7.5.0:21:9
MERGED from com.google.android.gms:play-services-base:7.5.0:21:9
MERGED from com.google.android.gms:play-services-base:7.5.0:21:9
MERGED from com.google.android.gms:play-services-base:7.5.0:21:9
MERGED from com.google.android.gms:play-services-base:7.5.0:21:9
MERGED from com.google.android.gms:play-services-base:7.5.0:21:9
MERGED from com.google.android.gms:play-services-base:7.5.0:21:9
MERGED from com.google.android.gms:play-services-base:7.5.0:21:9
MERGED from com.google.android.gms:play-services-base:7.5.0:21:9
MERGED from com.google.android.gms:play-services-base:7.5.0:21:9
MERGED from com.google.android.gms:play-services-base:7.5.0:21:9
	android:name
		ADDED from AndroidManifest.xml:22:13
	android:value
		ADDED from AndroidManifest.xml:23:13
meta-data#com.google.android.maps.v2.API_KEY
ADDED from AndroidManifest.xml:24:9
	android:name
		ADDED from AndroidManifest.xml:25:13
	android:value
		ADDED from AndroidManifest.xml:26:13
activity#com.burke.kelv.timerdriving.MainActivity
ADDED from AndroidManifest.xml:28:9
	android:screenOrientation
		ADDED from AndroidManifest.xml:32:13
	android:label
		ADDED from AndroidManifest.xml:31:13
	android:configChanges
		ADDED from AndroidManifest.xml:30:13
	android:theme
		ADDED from AndroidManifest.xml:33:13
	android:name
		ADDED from AndroidManifest.xml:29:13
intent-filter#android.intent.action.MAIN+android.intent.category.LAUNCHER
ADDED from AndroidManifest.xml:34:13
action#android.intent.action.MAIN
ADDED from AndroidManifest.xml:35:17
	android:name
		ADDED from AndroidManifest.xml:35:25
category#android.intent.category.LAUNCHER
ADDED from AndroidManifest.xml:37:17
	android:name
		ADDED from AndroidManifest.xml:37:27
activity#com.burke.kelv.timerdriving.DetailsActivity
ADDED from AndroidManifest.xml:40:9
	android:screenOrientation
		ADDED from AndroidManifest.xml:41:13
	android:configChanges
		ADDED from AndroidManifest.xml:42:13
	android:parentActivityName
		ADDED from AndroidManifest.xml:43:13
	android:name
		ADDED from AndroidManifest.xml:40:19
activity#com.burke.kelv.timerdriving.FinishedDetailsActivity
ADDED from AndroidManifest.xml:45:9
	android:screenOrientation
		ADDED from AndroidManifest.xml:46:13
	android:configChanges
		ADDED from AndroidManifest.xml:47:13
	android:parentActivityName
		ADDED from AndroidManifest.xml:48:13
	android:name
		ADDED from AndroidManifest.xml:45:19
activity#com.burke.kelv.timerdriving.FinishTripActivity
ADDED from AndroidManifest.xml:50:9
	android:theme
		ADDED from AndroidManifest.xml:52:37
	android:excludeFromRecents
		ADDED from AndroidManifest.xml:51:49
	android:taskAffinity
		ADDED from AndroidManifest.xml:52:13
	android:name
		ADDED from AndroidManifest.xml:50:19
	android:launchMode
		ADDED from AndroidManifest.xml:51:13
receiver#com.burke.kelv.timerdriving.AlarmReceiver
ADDED from AndroidManifest.xml:54:9
	android:name
		ADDED from AndroidManifest.xml:54:19
service#com.burke.kelv.timerdriving.TimerService
ADDED from AndroidManifest.xml:56:9
	android:name
		ADDED from AndroidManifest.xml:56:18
service#com.burke.kelv.timerdriving.FloatingSpeedService
ADDED from AndroidManifest.xml:57:9
	android:name
		ADDED from AndroidManifest.xml:57:18
uses-sdk
INJECTED from AndroidManifest.xml:0:0 reason: use-sdk injection requested
MERGED from com.android.support:appcompat-v7:22.2.0:20:5
MERGED from com.android.support:support-v4:22.2.0:20:5
MERGED from com.google.android.gms:play-services:7.5.0:18:5
MERGED from com.google.android.gms:play-services-ads:7.5.0:23:5
MERGED from com.google.android.gms:play-services-base:7.5.0:18:5
MERGED from com.android.support:support-v4:22.2.0:20:5
MERGED from com.google.android.gms:play-services-analytics:7.5.0:18:5
MERGED from com.google.android.gms:play-services-base:7.5.0:18:5
MERGED from com.android.support:support-v4:22.2.0:20:5
MERGED from com.google.android.gms:play-services-analytics:7.5.0:18:5
MERGED from com.google.android.gms:play-services-base:7.5.0:18:5
MERGED from com.android.support:support-v4:22.2.0:20:5
MERGED from com.google.android.gms:play-services-appindexing:7.5.0:18:5
MERGED from com.google.android.gms:play-services-base:7.5.0:18:5
MERGED from com.android.support:support-v4:22.2.0:20:5
MERGED from com.google.android.gms:play-services-appinvite:7.5.0:18:5
MERGED from com.google.android.gms:play-services-base:7.5.0:18:5
MERGED from com.android.support:support-v4:22.2.0:20:5
MERGED from com.google.android.gms:play-services-appstate:7.5.0:18:5
MERGED from com.google.android.gms:play-services-base:7.5.0:18:5
MERGED from com.android.support:support-v4:22.2.0:20:5
MERGED from com.google.android.gms:play-services-base:7.5.0:18:5
MERGED from com.android.support:support-v4:22.2.0:20:5
MERGED from com.google.android.gms:play-services-cast:7.5.0:18:5
MERGED from com.google.android.gms:play-services-base:7.5.0:18:5
MERGED from com.android.support:support-v4:22.2.0:20:5
MERGED from com.android.support:mediarouter-v7:22.0.0:20:5
MERGED from com.android.support:appcompat-v7:22.2.0:20:5
MERGED from com.android.support:support-v4:22.2.0:20:5
MERGED from com.google.android.gms:play-services-drive:7.5.0:18:5
MERGED from com.google.android.gms:play-services-base:7.5.0:18:5
MERGED from com.android.support:support-v4:22.2.0:20:5
MERGED from com.google.android.gms:play-services-fitness:7.5.0:18:5
MERGED from com.google.android.gms:play-services-base:7.5.0:18:5
MERGED from com.android.support:support-v4:22.2.0:20:5
MERGED from com.google.android.gms:play-services-location:7.5.0:18:5
MERGED from com.google.android.gms:play-services-base:7.5.0:18:5
MERGED from com.android.support:support-v4:22.2.0:20:5
MERGED from com.google.android.gms:play-services-maps:7.5.0:28:5
MERGED from com.google.android.gms:play-services-base:7.5.0:18:5
MERGED from com.android.support:support-v4:22.2.0:20:5
MERGED from com.google.android.gms:play-services-games:7.5.0:18:5
MERGED from com.google.android.gms:play-services-base:7.5.0:18:5
MERGED from com.android.support:support-v4:22.2.0:20:5
MERGED from com.google.android.gms:play-services-drive:7.5.0:18:5
MERGED from com.google.android.gms:play-services-base:7.5.0:18:5
MERGED from com.android.support:support-v4:22.2.0:20:5
MERGED from com.google.android.gms:play-services-gcm:7.5.0:18:5
MERGED from com.google.android.gms:play-services-base:7.5.0:18:5
MERGED from com.android.support:support-v4:22.2.0:20:5
MERGED from com.google.android.gms:play-services-identity:7.5.0:18:5
MERGED from com.google.android.gms:play-services-base:7.5.0:18:5
MERGED from com.android.support:support-v4:22.2.0:20:5
MERGED from com.google.android.gms:play-services-location:7.5.0:18:5
MERGED from com.google.android.gms:play-services-base:7.5.0:18:5
MERGED from com.android.support:support-v4:22.2.0:20:5
MERGED from com.google.android.gms:play-services-maps:7.5.0:28:5
MERGED from com.google.android.gms:play-services-base:7.5.0:18:5
MERGED from com.android.support:support-v4:22.2.0:20:5
MERGED from com.google.android.gms:play-services-maps:7.5.0:28:5
MERGED from com.google.android.gms:play-services-base:7.5.0:18:5
MERGED from com.android.support:support-v4:22.2.0:20:5
MERGED from com.google.android.gms:play-services-nearby:7.5.0:18:5
MERGED from com.google.android.gms:play-services-base:7.5.0:18:5
MERGED from com.android.support:support-v4:22.2.0:20:5
MERGED from com.google.android.gms:play-services-panorama:7.5.0:18:5
MERGED from com.google.android.gms:play-services-base:7.5.0:18:5
MERGED from com.android.support:support-v4:22.2.0:20:5
MERGED from com.google.android.gms:play-services-plus:7.5.0:18:5
MERGED from com.google.android.gms:play-services-base:7.5.0:18:5
MERGED from com.android.support:support-v4:22.2.0:20:5
MERGED from com.google.android.gms:play-services-safetynet:7.5.0:18:5
MERGED from com.google.android.gms:play-services-base:7.5.0:18:5
MERGED from com.android.support:support-v4:22.2.0:20:5
MERGED from com.google.android.gms:play-services-wallet:7.5.0:19:5
MERGED from com.google.android.gms:play-services-base:7.5.0:18:5
MERGED from com.android.support:support-v4:22.2.0:20:5
MERGED from com.google.android.gms:play-services-identity:7.5.0:18:5
MERGED from com.google.android.gms:play-services-base:7.5.0:18:5
MERGED from com.android.support:support-v4:22.2.0:20:5
MERGED from com.google.android.gms:play-services-maps:7.5.0:28:5
MERGED from com.google.android.gms:play-services-base:7.5.0:18:5
MERGED from com.android.support:support-v4:22.2.0:20:5
MERGED from com.google.android.gms:play-services-wearable:7.5.0:18:5
MERGED from com.google.android.gms:play-services-base:7.5.0:18:5
MERGED from com.android.support:support-v4:22.2.0:20:5
MERGED from com.android.support:design:22.2.0:20:5
MERGED from com.android.support:appcompat-v7:22.2.0:20:5
MERGED from com.android.support:support-v4:22.2.0:20:5
MERGED from com.android.support:support-v4:22.2.0:20:5
MERGED from com.android.support:cardview-v7:22.2.0:20:5
MERGED from com.android.support:recyclerview-v7:22.2.0:20:5
MERGED from com.android.support:support-v4:22.2.0:20:5
	android:targetSdkVersion
		INJECTED from AndroidManifest.xml:0:0
		INJECTED from AndroidManifest.xml:0:0
	android:minSdkVersion
		INJECTED from AndroidManifest.xml:0:0
		INJECTED from AndroidManifest.xml:0:0
activity#com.google.android.gms.ads.AdActivity
ADDED from com.google.android.gms:play-services-ads:7.5.0:26:9
	android:configChanges
		ADDED from com.google.android.gms:play-services-ads:7.5.0:28:13
	android:theme
		ADDED from com.google.android.gms:play-services-ads:7.5.0:29:13
	android:name
		ADDED from com.google.android.gms:play-services-ads:7.5.0:27:13
activity#com.google.android.gms.ads.purchase.InAppPurchaseActivity
ADDED from com.google.android.gms:play-services-ads:7.5.0:30:9
	android:theme
		ADDED from com.google.android.gms:play-services-ads:7.5.0:31:13
	android:name
		ADDED from com.google.android.gms:play-services-ads:7.5.0:30:19
uses-feature#0x00020000
ADDED from com.google.android.gms:play-services-maps:7.5.0:24:5
MERGED from com.google.android.gms:play-services-maps:7.5.0:24:5
MERGED from com.google.android.gms:play-services-maps:7.5.0:24:5
MERGED from com.google.android.gms:play-services-maps:7.5.0:24:5
	android:required
		ADDED from com.google.android.gms:play-services-maps:7.5.0:26:8
	android:glEsVersion
		ADDED from com.google.android.gms:play-services-maps:7.5.0:25:8
android:uses-permission#android.permission.READ_EXTERNAL_STORAGE
IMPLIED from AndroidManifest.xml:2:1 reason: com.google.android.gms.maps requested WRITE_EXTERNAL_STORAGE
uses-permission#android.permission.GET_ACCOUNTS
ADDED from com.google.android.gms:play-services-wallet:7.5.0:21:5
	android:name
		ADDED from com.google.android.gms:play-services-wallet:7.5.0:21:22
uses-permission#android.permission.USE_CREDENTIALS
ADDED from com.google.android.gms:play-services-wallet:7.5.0:22:5
	android:name
		ADDED from com.google.android.gms:play-services-wallet:7.5.0:22:22
meta-data#com.google.android.gms.wallet.api.enabled
ADDED from com.google.android.gms:play-services-wallet:7.5.0:25:9
	android:name
		ADDED from com.google.android.gms:play-services-wallet:7.5.0:26:13
	android:value
		ADDED from com.google.android.gms:play-services-wallet:7.5.0:27:13
receiver#com.google.android.gms.wallet.EnableWalletOptimizationReceiver
ADDED from com.google.android.gms:play-services-wallet:7.5.0:28:9
	android:exported
		ADDED from com.google.android.gms:play-services-wallet:7.5.0:30:13
	android:name
		ADDED from com.google.android.gms:play-services-wallet:7.5.0:29:13
intent-filter#com.google.android.gms.wallet.ENABLE_WALLET_OPTIMIZATION
ADDED from com.google.android.gms:play-services-wallet:7.5.0:31:13
action#com.google.android.gms.wallet.ENABLE_WALLET_OPTIMIZATION
ADDED from com.google.android.gms:play-services-wallet:7.5.0:32:17
	android:name
		ADDED from com.google.android.gms:play-services-wallet:7.5.0:32:25